\BOOKMARK [2][-]{subsection.0.1}{\376\377\000I\000n\000t\000r\000o\000d\000u\000c\000t\000i\000o\000n}{}% 1
\BOOKMARK [3][-]{section*.1}{\376\377\000D\000e\000f\000i\000n\000i\000t\000i\000o\000n}{subsection.0.1}% 2
\BOOKMARK [2][-]{subsection.0.2}{\376\377\000u\000n\000i\000q\000e\000u\000n\000e\000s\000s\000\040\000o\000f\000\040\000b\000a\000n\000k\000s}{}% 3
\BOOKMARK [1][-]{section.1}{\376\377\000L\000i\000q\000u\000i\000d\000i\000t\000y\000\040\000p\000r\000o\000v\000i\000s\000i\000o\000n}{}% 4
\BOOKMARK [2][-]{section*.2}{\376\377\000A\000u\000t\000a\000r\000k\000y}{section.1}% 5
\BOOKMARK [2][-]{subsection.1.1}{\376\377\000O\000p\000t\000i\000m\000a\000l\000\040\000a\000l\000l\000o\000c\000a\000t\000i\000o\000n}{section.1}% 6
\BOOKMARK [1][-]{section.2}{\376\377\000B\000a\000n\000k\000s\000\040\000a\000s\000\040\000d\000e\000l\000e\000g\000a\000t\000e\000d\000\040\000m\000o\000n\000i\000t\000o\000r\000s}{}% 7
\BOOKMARK [2][-]{subsection.2.1}{\376\377\000B\000a\000n\000k\000s\000\040\000a\000s\000\040\000m\000o\000n\000i\000t\000o\000r\000s}{section.2}% 8
\BOOKMARK [3][-]{section*.3}{\376\377\000M\000o\000d\000e\000l\000\040\000f\000o\000r\000\040\000m\000o\000n\000i\000t\000o\000r\000i\000n\000g}{subsection.2.1}% 9
\BOOKMARK [3][-]{section*.4}{\376\377\000C\000o\000s\000t\000\040\000o\000f\000\040\000d\000e\000l\000e\000g\000a\000t\000i\000o\000n}{subsection.2.1}% 10
\BOOKMARK [2][-]{subsection.2.2}{\376\377\000M\000o\000n\000i\000t\000o\000r\000i\000n\000g\000\040\000a\000n\000d\000\040\000a\000c\000c\000e\000s\000s\000\040\000t\000o\000\040\000c\000r\000e\000d\000i\000t}{section.2}% 11
\BOOKMARK [3][-]{section*.5}{\376\377\000I\000n\000d\000i\000v\000i\000d\000u\000a\000l\000\040\000C\000r\000e\000d\000i\000t\000\040\000R\000a\000t\000i\000o\000n\000i\000n\000g}{subsection.2.2}% 12
\BOOKMARK [3][-]{section*.6}{\376\377\000B\000o\000r\000r\000o\000w\000e\000r\000'\000s\000\040\000i\000n\000c\000e\000n\000t\000i\000v\000e\000\040\000c\000o\000m\000p\000a\000t\000i\000b\000i\000l\000i\000t\000y\000\040\000c\000o\000n\000s\000t\000r\000a\000i\000n\000t}{subsection.2.2}% 13
\BOOKMARK [3][-]{section*.7}{\376\377\000P\000l\000e\000d\000g\000e\000a\000b\000l\000e\000\040\000i\000n\000c\000o\000m\000e}{subsection.2.2}% 14
\BOOKMARK [3][-]{section*.8}{\376\377\000L\000e\000n\000d\000e\000r\000'\000s\000\040\000P\000a\000r\000t\000i\000c\000i\000p\000a\000t\000i\000o\000n\000\040\000c\000o\000n\000s\000t\000r\000a\000i\000n\000t}{subsection.2.2}% 15
\BOOKMARK [2][-]{subsection.2.3}{\376\377\000I\000n\000d\000i\000r\000e\000c\000t\000\040\000f\000i\000n\000a\000n\000c\000e\000:\000\040\000R\000o\000l\000e\000\040\000o\000f\000\040\000B\000a\000n\000k\000s\000\040\000-\000\040\000A\000d\000d\000e\000d\000\040\000m\000o\000n\000i\000t\000o\000r\000i\000n\000g}{section.2}% 16
\BOOKMARK [3][-]{section*.9}{\376\377\000D\000i\000r\000e\000c\000t\000\040\000v\000s\000\040\000i\000n\000d\000i\000r\000e\000c\000t\000\040\000f\000i\000n\000a\000n\000c\000e}{subsection.2.3}% 17
\BOOKMARK [1][-]{section.3}{\376\377\000D\000e\000i\000s\000g\000n\000\040\000o\000f\000\040\000a\000\040\000l\000o\000a\000n\000\040\000c\000o\000n\000t\000r\000a\000c\000t}{}% 18
\BOOKMARK [2][-]{subsection.3.1}{\376\377\000E\000x\000t\000e\000r\000n\000a\000l\000\040\000f\000i\000n\000a\000n\000c\000e}{section.3}% 19
\BOOKMARK [3][-]{section*.12}{\376\377\000C\000a\000s\000h\000f\000l\000o\000w\000\040\000m\000a\000n\000i\000p\000u\000l\000a\000t\000i\000o\000n}{subsection.3.1}% 20
\BOOKMARK [3][-]{section*.13}{\376\377\000E\000f\000f\000i\000c\000i\000e\000n\000t\000\040\000I\000n\000c\000e\000n\000t\000i\000v\000e\000\040\000c\000o\000m\000p\000a\000t\000i\000b\000l\000e\000\040\000c\000o\000n\000t\000r\000a\000c\000t}{subsection.3.1}% 21
\BOOKMARK [2][-]{subsection.3.2}{\376\377\000C\000o\000v\000e\000n\000a\000n\000t\000\040\000a\000n\000d\000\040\000c\000o\000l\000l\000a\000t\000e\000r\000a\000l}{section.3}% 22
\BOOKMARK [3][-]{section*.16}{\376\377\000C\000o\000v\000e\000n\000a\000n\000t\000\040\000d\000e\000f\000i\000n\000i\000t\000o\000n}{subsection.3.2}% 23
\BOOKMARK [3][-]{section*.17}{\376\377\000C\000o\000l\000l\000a\000t\000e\000r\000a\000l\000\040\000d\000e\000f\000i\000n\000i\000t\000i\000o\000n}{subsection.3.2}% 24
\BOOKMARK [3][-]{section*.18}{\376\377\000R\000o\000l\000e\000s\000\040\000o\000f\000\040\000C\000o\000l\000l\000a\000t\000e\000r\000a\000l}{subsection.3.2}% 25
\BOOKMARK [1][-]{section.4}{\376\377\000C\000r\000e\000d\000i\000t\000\040\000r\000a\000t\000i\000o\000n\000i\000n\000g}{}% 26
\BOOKMARK [2][-]{section*.21}{\376\377\000B\000a\000c\000k\000w\000a\000r\000d\000\040\000b\000e\000n\000d\000i\000n\000g\000\040\000s\000u\000p\000p\000l\000y\000\040\000o\000f\000\040\000c\000r\000e\000d\000i\000t}{section.4}% 27
\BOOKMARK [3][-]{section*.22}{\376\377\000R\000e\000a\000s\000o\000n\000s\000:}{section*.21}% 28
\BOOKMARK [3][-]{section*.23}{\376\377\000I\000n\000d\000i\000v\000i\000d\000u\000a\000l\000\040\000c\000r\000e\000d\000i\000t\000\040\000r\000a\000t\000i\000o\000n\000i\000n\000g}{section*.21}% 29
\BOOKMARK [3][-]{section*.24}{\376\377\000E\000q\000u\000i\000l\000i\000b\000r\000i\000u\000m\000\040\000c\000r\000e\000d\000i\000t\000\040\000r\000a\000t\000i\000o\000n\000i\000n\000g}{section*.21}% 30
\BOOKMARK [2][-]{subsection.4.1}{\376\377\000A\000d\000v\000e\000r\000s\000e\000\040\000s\000e\000l\000e\000c\000t\000i\000o\000n\000\040\000a\000n\000d\000\040\000M\000o\000r\000a\000l\000\040\000H\000a\000z\000a\000r\000d\000\040\000u\000n\000d\000e\000r\000\040\000C\000r\000e\000d\000i\000t\000\040\000R\000a\000t\000i\000o\000n\000i\000n\000g}{section.4}% 31
\BOOKMARK [3][-]{section*.25}{\376\377\000C\000r\000o\000s\000s\000-\000s\000i\000b\000s\000i\000d\000i\000z\000a\000t\000i\000o\000n}{subsection.4.1}% 32
\BOOKMARK [3][-]{section*.26}{\376\377\000M\000o\000d\000e\000l\000\040\000s\000t\000r\000u\000c\000t\000u\000r\000e}{subsection.4.1}% 33
\BOOKMARK [3][-]{section*.28}{\376\377\000B\000a\000n\000k\000\040\000c\000h\000a\000r\000g\000i\000n\000g\000\040\000h\000i\000g\000h\000e\000r\000\040\000i\000n\000t\000e\000r\000e\000s\000t\000\040\000r\000a\000t\000e\000s\000\040\000h\000a\000s\000\040\0002\000\040\000c\000o\000n\000t\000r\000a\000r\000i\000a\000n\000\040\000e\000f\000f\000e\000c\000t\000s}{subsection.4.1}% 34
\BOOKMARK [3][-]{section*.29}{\376\377\000S\000u\000m\000m\000a\000r\000y}{subsection.4.1}% 35
\BOOKMARK [2][-]{subsection.4.2}{\376\377\000C\000o\000s\000t\000l\000y\000\040\000s\000t\000a\000t\000e\000\040\000v\000e\000r\000i\000f\000i\000c\000a\000t\000i\000o\000n\000\040\000u\000n\000d\000e\000r\000\040\000C\000r\000e\000d\000i\000t\000\040\000R\000a\000t\000i\000o\000n\000i\000n\000g}{section.4}% 36
\BOOKMARK [2][-]{subsection.4.3}{\376\377\000M\000i\000c\000r\000o\000c\000r\000e\000d\000i\000t\000:\000\040\000C\000R\000\040\000i\000n\000\040\000E\000M}{section.4}% 37
\BOOKMARK [3][-]{section*.30}{\376\377\000M\000i\000c\000r\000o\000c\000r\000e\000d\000i\000t\000\040\000K\000e\000y\000\040\000i\000n\000g\000r\000e\000d\000i\000e\000n\000t\000s}{subsection.4.3}% 38
\BOOKMARK [3][-]{section*.31}{\376\377\000M\000C\000\040\000M\000o\000d\000e\000l}{subsection.4.3}% 39
\BOOKMARK [1][-]{section.5}{\376\377\000B\000a\000n\000k\000\040\000c\000o\000m\000p\000e\000t\000i\000t\000i\000o\000n}{}% 40
\BOOKMARK [2][-]{subsection.5.1}{\376\377\000O\000l\000i\000g\000o\000p\000o\000l\000i\000s\000t\000i\000c\000\040\000c\000o\000m\000p\000e\000t\000i\000t\000i\000o\000n\000\040\000\050\000C\000o\000u\000r\000n\000o\000t\000-\000n\000a\000s\000h\000\051}{section.5}% 41
\BOOKMARK [3][-]{section*.32}{\376\377\000B\000a\000n\000k\000'\000s\000\040\000p\000r\000o\000f\000i\000t\000s\000:}{subsection.5.1}% 42
\BOOKMARK [2][-]{subsection.5.2}{\376\377\000M\000o\000n\000o\000p\000o\000l\000i\000s\000t\000i\000c\000\040\000c\000o\000m\000p\000e\000t\000i\000t\000i\000o\000n}{section.5}% 43
\BOOKMARK [2][-]{subsection.5.3}{\376\377\000C\000o\000m\000p\000e\000t\000i\000t\000i\000o\000n\000\040\000a\000n\000d\000\040\000f\000i\000n\000a\000n\000c\000i\000a\000l\000\040\000\050\000i\000n\000\051\000\040\000s\000t\000a\000b\000i\000l\000i\000t\000y}{section.5}% 44
\BOOKMARK [3][-]{section*.35}{\376\377\000F\000r\000a\000g\000i\000l\000i\000t\000y\000\040\000v\000i\000e\000w\000:}{subsection.5.3}% 45
\BOOKMARK [3][-]{section*.36}{\376\377\000S\000t\000a\000b\000i\000l\000i\000t\000y\000\040\000v\000i\000e\000w}{subsection.5.3}% 46
\BOOKMARK [3][-]{section*.37}{\376\377\000R\000e\000a\000s\000o\000n\000\040\000f\000o\000r\000\040\000m\000i\000x\000e\000d\000\040\000e\000v\000i\000d\000e\000n\000c\000e\000:\000\040\000S\000i\000z\000e}{subsection.5.3}% 47
\BOOKMARK [3][-]{section*.38}{\376\377\000M\000e\000a\000s\000u\000r\000i\000n\000g\000\040\000p\000r\000o\000f\000i\000t\000a\000b\000i\000l\000i\000t\000y}{subsection.5.3}% 48
\BOOKMARK [3][-]{section*.39}{\376\377\000F\000a\000c\000t\000o\000r\000s\000\040\000a\000f\000f\000e\000c\000t\000i\000n\000g\000\040\000c\000o\000m\000p\000e\000t\000i\000t\000i\000o\000n}{subsection.5.3}% 49
\BOOKMARK [3][-]{section*.40}{\376\377\000B\000e\000y\000o\000n\000d\000\040\000b\000a\000n\000k\000\040\000c\000o\000m\000p\000e\000t\000i\000t\000i\000o\000n}{subsection.5.3}% 50
\BOOKMARK [1][-]{section.6}{\376\377\000R\000e\000l\000a\000t\000i\000o\000n\000s\000h\000i\000p\000\040\000b\000a\000n\000k\000i\000n\000g}{}% 51
\BOOKMARK [2][-]{subsection.6.1}{\376\377\000A\000s\000s\000u\000m\000p\000t\000i\000o\000n\000\040\000a\000n\000d\000\040\000c\000h\000a\000r\000a\000c\000t\000e\000r\000i\000s\000t\000i\000c\000s}{section.6}% 52
\BOOKMARK [2][-]{subsection.6.2}{\376\377\000R\000e\000l\000a\000t\000i\000o\000n\000s\000h\000i\000p\000\040\000b\000a\000n\000k\000i\000n\000g\000\040\000a\000n\000d\000\040\000C\000r\000e\000d\000i\000t\000\040\000R\000a\000t\000i\000o\000n\000i\000n\000g}{section.6}% 53
\BOOKMARK [3][-]{section*.41}{\376\377\000T\000h\000e\000\040\000d\000a\000r\000k\000\040\000s\000i\000d\000e}{subsection.6.2}% 54
\BOOKMARK [2][-]{subsection.6.3}{\376\377\000T\000h\000e\000\040\000h\000o\000l\000d\000-\000u\000p\000\040\000p\000r\000o\000b\000l\000e\000m}{section.6}% 55
\BOOKMARK [3][-]{section*.42}{\376\377\000F\000i\000r\000s\000t\000\040\000p\000e\000r\000i\000o\000d\000\040\000c\000o\000s\000t\000\040\000o\000f\000\040\000c\000r\000e\000d\000i\000t}{subsection.6.3}% 56
\BOOKMARK [2][-]{subsection.6.4}{\376\377\000S\000o\000f\000t\000\040\000b\000u\000d\000g\000e\000t\000\040\000c\000o\000n\000s\000t\000r\000a\000i\000n\000t}{section.6}% 57
\BOOKMARK [2][-]{subsection.6.5}{\376\377\000M\000a\000r\000k\000e\000t\000\040\000f\000i\000n\000a\000n\000c\000e\000\040\000s\000u\000m\000m\000a\000r\000y}{section.6}% 58
\BOOKMARK [2][-]{subsection.6.6}{\376\377\000C\000o\000m\000p\000e\000t\000i\000t\000i\000o\000n\000\040\000a\000n\000d\000\040\000r\000e\000l\000a\000t\000i\000o\000n\000s\000h\000i\000p\000\040\000b\000a\000n\000k\000i\000n\000g}{section.6}% 59
\BOOKMARK [1][-]{section.7}{\376\377\000C\000r\000e\000d\000i\000t\000\040\000R\000i\000s\000k}{}% 60
\BOOKMARK [2][-]{subsection.7.1}{\376\377\000C\000D\000S}{section.7}% 61
\BOOKMARK [3][-]{section*.44}{\376\377\000C\000D\000S\000\040\000C\000o\000n\000t\000r\000a\000c\000t\000\040\000t\000e\000r\000m\000s\000\040\000s\000p\000e\000c\000i\000f\000i\000e\000s}{subsection.7.1}% 62
\BOOKMARK [3][-]{section*.45}{\376\377\000C\000D\000S\000\040\000c\000h\000a\000r\000a\000c\000t\000e\000r\000i\000s\000t\000i\000c\000s}{subsection.7.1}% 63
\BOOKMARK [2][-]{subsection.7.2}{\376\377\000C\000o\000n\000s\000e\000q\000u\000e\000n\000c\000e\000s\000\040\000o\000f\000\040\000C\000D\000S}{section.7}% 64
\BOOKMARK [3][-]{section*.46}{\376\377\000E\000m\000p\000t\000y\000\040\000c\000r\000e\000d\000i\000t\000o\000r\000s}{subsection.7.2}% 65
\BOOKMARK [3][-]{section*.47}{\376\377\000I\000n\000n\000o\000v\000a\000t\000i\000o\000n}{subsection.7.2}% 66
\BOOKMARK [3][-]{section*.48}{\376\377\000E\000f\000f\000e\000c\000t\000\040\000o\000n\000\040\000f\000i\000r\000m\000s\000\040\000w\000i\000t\000h\000\040\000e\000c\000o\000n\000o\000m\000i\000c\000\040\000l\000i\000n\000k\000s\000\040\000t\000o\000\040\000r\000e\000f\000e\000r\000e\000n\000c\000e\000d\000\040\000f\000i\000r\000m\000s}{subsection.7.2}% 67
\BOOKMARK [1][-]{section.8}{\376\377\000B\000a\000n\000k\000\040\000r\000u\000n\000s}{}% 68
\BOOKMARK [2][-]{subsection.8.1}{\376\377\000K\000e\000y\000\040\000c\000o\000n\000c\000e\000p\000t\000s\000:}{section.8}% 69
\BOOKMARK [2][-]{subsection.8.2}{\376\377\000P\000a\000n\000i\000c\000-\000d\000r\000i\000v\000e\000n\000\040\000r\000u\000n\000s}{section.8}% 70
\BOOKMARK [3][-]{section*.49}{\376\377\000O\000p\000t\000i\000m\000a\000l\000\040\000a\000l\000l\000o\000c\000a\000t\000i\000o\000n}{subsection.8.2}% 71
\BOOKMARK [3][-]{section*.50}{\376\377\000R\000e\000s\000u\000l\000t\000s}{subsection.8.2}% 72
\BOOKMARK [2][-]{subsection.8.3}{\376\377\000I\000n\000f\000o\000r\000m\000a\000t\000i\000o\000n\000\040\000d\000r\000i\000v\000e\000n\000\040\000r\000u\000n\000s}{section.8}% 73
\BOOKMARK [2][-]{subsection.8.4}{\376\377\000E\000m\000p\000i\000r\000i\000c\000a\000l\000\040\000e\000v\000i\000d\000e\000n\000c\000e}{section.8}% 74
\BOOKMARK [1][-]{section.9}{\376\377\000R\000e\000g\000u\000l\000a\000t\000i\000o\000n}{}% 75
\BOOKMARK [2][-]{subsection.9.1}{\376\377\000C\000u\000s\000t\000o\000m\000e\000r\000\040\000p\000r\000o\000t\000e\000c\000t\000i\000o\000n}{section.9}% 76
\BOOKMARK [2][-]{subsection.9.2}{\376\377\000E\000x\000t\000e\000r\000n\000a\000l\000i\000t\000i\000e\000s}{section.9}% 77
\BOOKMARK [2][-]{subsection.9.3}{\376\377\000W\000h\000y\000\040\000d\000o\000\040\000b\000a\000n\000k\000s\000\040\000f\000a\000i\000l\000?}{section.9}% 78
\BOOKMARK [2][-]{subsection.9.4}{\376\377\000T\000a\000x\000o\000n\000o\000m\000y\000\040\000o\000f\000\040\000b\000a\000n\000k\000i\000n\000g\000\040\000r\000e\000g\000u\000l\000a\000t\000i\000o\000n}{section.9}% 79
\BOOKMARK [2][-]{subsection.9.5}{\376\377\000M\000i\000c\000r\000o\000p\000r\000u\000d\000e\000n\000t\000a\000i\000l\000\040\000r\000e\000g\000u\000l\000a\000t\000i\000o\000n}{section.9}% 80
\BOOKMARK [3][-]{section*.51}{\376\377\000D\000e\000p\000o\000s\000i\000t\000\040\000i\000n\000s\000u\000r\000a\000n\000c\000e}{subsection.9.5}% 81
\BOOKMARK [3][-]{section*.53}{\376\377\000C\000a\000p\000i\000t\000a\000l\000\040\000r\000e\000g\000u\000l\000a\000t\000i\000o\000n\000s}{subsection.9.5}% 82
\BOOKMARK [3][-]{section*.55}{\376\377\000L\000i\000q\000u\000i\000d\000i\000t\000y\000\040\000r\000e\000g\000u\000l\000a\000t\000i\000o\000n\000s}{subsection.9.5}% 83
\BOOKMARK [2][-]{subsection.9.6}{\376\377\000M\000a\000c\000r\000o\000p\000r\000u\000d\000e\000n\000t\000i\000a\000l\000\040\000r\000e\000g\000u\000l\000a\000t\000i\000o\000n}{section.9}% 84
\BOOKMARK [3][-]{section*.58}{\376\377\000C\000a\000p\000i\000t\000a\000l\000\040\000c\000o\000n\000s\000e\000r\000v\000a\000t\000i\000o\000n\000\040\000b\000u\000f\000f\000e\000r}{subsection.9.6}% 85
\BOOKMARK [3][-]{section*.59}{\376\377\000C\000o\000u\000n\000t\000e\000r\000c\000y\000c\000l\000i\000c\000a\000l\000\040\000c\000a\000p\000i\000t\000a\000l\000\040\000b\000u\000f\000f\000e\000r\000s}{subsection.9.6}% 86
\BOOKMARK [3][-]{section*.60}{\376\377\000F\000o\000r\000w\000a\000r\000d\000\040\000l\000o\000o\000k\000i\000n\000g\000\040\000p\000r\000o\000v\000i\000s\000i\000o\000n}{subsection.9.6}% 87
\BOOKMARK [3][-]{section*.61}{\376\377\000H\000i\000g\000h\000e\000r\000\040\000l\000o\000s\000s\000\040\000a\000b\000s\000o\000r\000b\000e\000n\000c\000y\000\040\000r\000e\000q\000u\000i\000r\000e\000m\000e\000n\000t\000s}{subsection.9.6}% 88
\BOOKMARK [3][-]{section*.62}{\376\377\000O\000t\000h\000e\000r\000\040\000u\000n\000d\000e\000r\000\040\000d\000i\000s\000c\000u\000s\000s\000s\000i\000o\000n}{subsection.9.6}% 89
\BOOKMARK [2][-]{subsection.9.7}{\376\377\000M\000a\000c\000r\000o\000\040\000v\000s\000.\000\040\000M\000i\000c\000r\000o}{section.9}% 90
\BOOKMARK [1][-]{section.10}{\376\377\000T\000r\000a\000n\000s\000m\000i\000s\000s\000i\000o\000n\000\040\000M\000e\000c\000h\000a\000n\000i\000s\000m\000s\000\040\000o\000f\000\040\000M\000o\000n\000e\000t\000a\000r\000y\000\040\000P\000o\000l\000i\000c\000y}{}% 91
\BOOKMARK [2][-]{subsection.10.1}{\376\377\000C\000e\000n\000t\000r\000a\000l\000\040\000b\000a\000n\000k\000\040\000m\000a\000n\000d\000a\000t\000e\000s}{section.10}% 92
\BOOKMARK [2][-]{subsection.10.2}{\376\377\000C\000B\000'\000s\000\040\000t\000o\000o\000l\000k\000i\000t\000:\000\040\000M\000o\000n\000e\000t\000a\000r\000y\000\040\000p\000o\000l\000i\000c\000y}{section.10}% 93
\BOOKMARK [3][-]{section*.63}{\376\377\000C\000o\000n\000v\000e\000n\000t\000i\000o\000n\000a\000l\000\040\000t\000o\000o\000l\000s}{subsection.10.2}% 94
\BOOKMARK [3][-]{section*.64}{\376\377\000U\000n\000c\000o\000n\000v\000e\000n\000t\000i\000o\000n\000a\000l\000\040\000t\000o\000o\000l\000s}{subsection.10.2}% 95
\BOOKMARK [2][-]{subsection.10.3}{\376\377\000I\000n\000t\000e\000r\000e\000s\000t\000\040\000r\000a\000t\000e\000\040\000c\000h\000a\000n\000n\000e\000l\000\040\000\050\000s\000\040\0001\0002\000\051}{section.10}% 96
\BOOKMARK [3][-]{section*.65}{\376\377\000T\000h\000r\000e\000e\000\040\000p\000u\000z\000z\000l\000e\000s}{subsection.10.3}% 97
\BOOKMARK [2][-]{subsection.10.4}{\376\377\000C\000r\000e\000d\000i\000t\000\040\000c\000h\000a\000n\000n\000e\000l}{section.10}% 98
\BOOKMARK [2][-]{subsection.10.5}{\376\377\000B\000a\000l\000a\000n\000c\000e\000\040\000s\000h\000e\000e\000t\000\040\000c\000h\000a\000n\000n\000e\000l}{section.10}% 99
\BOOKMARK [3][-]{section*.66}{\376\377\000F\000i\000r\000s\000t\000\040\000b\000e\000s\000t\000\040\000a\000l\000l\000o\000c\000a\000t\000i\000o\000n}{subsection.10.5}% 100
\BOOKMARK [3][-]{section*.67}{\376\377\000S\000e\000c\000o\000n\000d\000\040\000b\000e\000s\000t\000\040\000a\000l\000l\000o\000c\000a\000t\000i\000o\000n}{subsection.10.5}% 101
\BOOKMARK [3][-]{section*.68}{\376\377\000E\000x\000t\000e\000r\000n\000a\000l\000\040\000f\000i\000n\000a\000n\000c\000e\000\040\000p\000r\000e\000m\000i\000u\000m}{subsection.10.5}% 102
\BOOKMARK [3][-]{section*.69}{\376\377\000I\000n\000c\000e\000n\000t\000i\000v\000e\000s\000\040\000t\000o\000\040\000s\000c\000r\000e\000e\000n}{subsection.10.5}% 103
\BOOKMARK [3][-]{section*.70}{\376\377\000M\000a\000c\000r\000o\000e\000c\000o\000n\000o\000m\000i\000c\000\040\000i\000m\000p\000l\000i\000c\000a\000t\000i\000o\000n\000s}{subsection.10.5}% 104
\BOOKMARK [2][-]{subsection.10.6}{\376\377\000C\000o\000l\000l\000a\000t\000e\000r\000a\000l\000\040\000c\000h\000a\000n\000n\000e\000l}{section.10}% 105
\BOOKMARK [2][-]{subsection.10.7}{\376\377\000B\000a\000n\000k\000\040\000l\000e\000n\000d\000i\000n\000g\000\040\000c\000h\000a\000n\000n\000e\000l\000\040\000a\000n\000d\000\040\000M\000P\000\040\000t\000r\000a\000n\000s\000m\000i\000s\000s\000i\000o\000n}{section.10}% 106
\BOOKMARK [1][-]{section.11}{\376\377\000R\000e\000a\000l\000\040\000e\000f\000f\000e\000c\000t\000s\000\040\000o\000n\000\040\000F\000i\000n\000a\000n\000c\000i\000a\000l\000\040\000i\000n\000t\000e\000r\000m\000e\000d\000i\000a\000t\000i\000o\000n}{}% 107
\BOOKMARK [2][-]{subsection.11.1}{\376\377\000B\000a\000n\000k\000\040\000l\000e\000n\000d\000i\000n\000g\000\040\000c\000h\000a\000n\000n\000e\000l\000:\000\040\000E\000m\000p\000i\000r\000i\000c\000a\000l\000\040\000i\000m\000p\000l\000i\000c\000a\000t\000i\000o\000n\000s}{section.11}% 108
