This is pdfTeX, Version 3.141592653-2.6-1.40.22 (TeX Live 2021) (preloaded format=pdflatex 2021.6.6)  14 JUN 2021 15:15
entering extended mode
 restricted \write18 enabled.
 %&-line parsing enabled.
**Sheet.tex
(./Sheet.tex
LaTeX2e <2021-06-01>
L3 programming layer <2021-06-01> (/Users/danielkotas/Library/TinyTeX/texmf-dis
t/tex/latex/base/article.cls
Document Class: article 2021/02/12 v1.4n Standard LaTeX document class
(/Users/danielkotas/Library/TinyTeX/texmf-dist/tex/latex/base/size10.clo
File: size10.clo 2021/02/12 v1.4n Standard LaTeX file (size option)
)
\c@part=\count182
\c@section=\count183
\c@subsection=\count184
\c@subsubsection=\count185
\c@paragraph=\count186
\c@subparagraph=\count187
\c@figure=\count188
\c@table=\count189
\abovecaptionskip=\skip47
\belowcaptionskip=\skip48
\bibindent=\dimen138
) (/Users/danielkotas/Library/TinyTeX/texmf-dist/tex/latex/amsmath/amsmath.sty
Package: amsmath 2021/04/20 v2.17j AMS math features
\@mathmargin=\skip49
For additional information on amsmath, use the `?' option.
(/Users/danielkotas/Library/TinyTeX/texmf-dist/tex/latex/amsmath/amstext.sty
Package: amstext 2000/06/29 v2.01 AMS text
(/Users/danielkotas/Library/TinyTeX/texmf-dist/tex/latex/amsmath/amsgen.sty
File: amsgen.sty 1999/11/30 v2.0 generic functions
\@emptytoks=\toks16
\ex@=\dimen139
)) (/Users/danielkotas/Library/TinyTeX/texmf-dist/tex/latex/amsmath/amsbsy.sty
Package: amsbsy 1999/11/29 v1.2d Bold Symbols
\pmbraise@=\dimen140
) (/Users/danielkotas/Library/TinyTeX/texmf-dist/tex/latex/amsmath/amsopn.sty
Package: amsopn 2016/03/08 v2.02 operator names
)
\inf@bad=\count190
LaTeX Info: Redefining \frac on input line 234.
\uproot@=\count191
\leftroot@=\count192
LaTeX Info: Redefining \overline on input line 399.
\classnum@=\count193
\DOTSCASE@=\count194
LaTeX Info: Redefining \ldots on input line 496.
LaTeX Info: Redefining \dots on input line 499.
LaTeX Info: Redefining \cdots on input line 620.
\Mathstrutbox@=\box50
\strutbox@=\box51
\big@size=\dimen141
LaTeX Font Info:    Redeclaring font encoding OML on input line 743.
LaTeX Font Info:    Redeclaring font encoding OMS on input line 744.
\macc@depth=\count195
\c@MaxMatrixCols=\count196
\dotsspace@=\muskip16
\c@parentequation=\count197
\dspbrk@lvl=\count198
\tag@help=\toks17
\row@=\count199
\column@=\count266
\maxfields@=\count267
\andhelp@=\toks18
\eqnshift@=\dimen142
\alignsep@=\dimen143
\tagshift@=\dimen144
\tagwidth@=\dimen145
\totwidth@=\dimen146
\lineht@=\dimen147
\@envbody=\toks19
\multlinegap=\skip50
\multlinetaggap=\skip51
\mathdisplay@stack=\toks20
LaTeX Info: Redefining \[ on input line 2923.
LaTeX Info: Redefining \] on input line 2924.
) (/Users/danielkotas/Library/TinyTeX/texmf-dist/tex/latex/amsfonts/amssymb.sty
Package: amssymb 2013/01/14 v3.01 AMS font symbols
(/Users/danielkotas/Library/TinyTeX/texmf-dist/tex/latex/amsfonts/amsfonts.sty
Package: amsfonts 2013/01/14 v3.01 Basic AMSFonts support
\symAMSa=\mathgroup4
\symAMSb=\mathgroup5
LaTeX Font Info:    Redeclaring math symbol \hbar on input line 98.
LaTeX Font Info:    Overwriting math alphabet `\mathfrak' in version `bold'
(Font)                  U/euf/m/n --> U/euf/b/n on input line 106.
)) (/Users/danielkotas/Library/TinyTeX/texmf-dist/tex/latex/lm/lmodern.sty
Package: lmodern 2015/05/01 v1.6.1 Latin Modern Fonts
LaTeX Font Info:    Overwriting symbol font `operators' in version `normal'
(Font)                  OT1/cmr/m/n --> OT1/lmr/m/n on input line 22.
LaTeX Font Info:    Overwriting symbol font `letters' in version `normal'
(Font)                  OML/cmm/m/it --> OML/lmm/m/it on input line 23.
LaTeX Font Info:    Overwriting symbol font `symbols' in version `normal'
(Font)                  OMS/cmsy/m/n --> OMS/lmsy/m/n on input line 24.
LaTeX Font Info:    Overwriting symbol font `largesymbols' in version `normal'
(Font)                  OMX/cmex/m/n --> OMX/lmex/m/n on input line 25.
LaTeX Font Info:    Overwriting symbol font `operators' in version `bold'
(Font)                  OT1/cmr/bx/n --> OT1/lmr/bx/n on input line 26.
LaTeX Font Info:    Overwriting symbol font `letters' in version `bold'
(Font)                  OML/cmm/b/it --> OML/lmm/b/it on input line 27.
LaTeX Font Info:    Overwriting symbol font `symbols' in version `bold'
(Font)                  OMS/cmsy/b/n --> OMS/lmsy/b/n on input line 28.
LaTeX Font Info:    Overwriting symbol font `largesymbols' in version `bold'
(Font)                  OMX/cmex/m/n --> OMX/lmex/m/n on input line 29.
LaTeX Font Info:    Overwriting math alphabet `\mathbf' in version `normal'
(Font)                  OT1/cmr/bx/n --> OT1/lmr/bx/n on input line 31.
LaTeX Font Info:    Overwriting math alphabet `\mathsf' in version `normal'
(Font)                  OT1/cmss/m/n --> OT1/lmss/m/n on input line 32.
LaTeX Font Info:    Overwriting math alphabet `\mathit' in version `normal'
(Font)                  OT1/cmr/m/it --> OT1/lmr/m/it on input line 33.
LaTeX Font Info:    Overwriting math alphabet `\mathtt' in version `normal'
(Font)                  OT1/cmtt/m/n --> OT1/lmtt/m/n on input line 34.
LaTeX Font Info:    Overwriting math alphabet `\mathbf' in version `bold'
(Font)                  OT1/cmr/bx/n --> OT1/lmr/bx/n on input line 35.
LaTeX Font Info:    Overwriting math alphabet `\mathsf' in version `bold'
(Font)                  OT1/cmss/bx/n --> OT1/lmss/bx/n on input line 36.
LaTeX Font Info:    Overwriting math alphabet `\mathit' in version `bold'
(Font)                  OT1/cmr/bx/it --> OT1/lmr/bx/it on input line 37.
LaTeX Font Info:    Overwriting math alphabet `\mathtt' in version `bold'
(Font)                  OT1/cmtt/m/n --> OT1/lmtt/m/n on input line 38.
) (/Users/danielkotas/Library/TinyTeX/texmf-dist/tex/generic/iftex/ifxetex.sty
Package: ifxetex 2019/10/25 v0.7 ifxetex legacy package. Use iftex instead.
(/Users/danielkotas/Library/TinyTeX/texmf-dist/tex/generic/iftex/iftex.sty
Package: iftex 2020/03/06 v1.0d TeX engine tests
)) (/Users/danielkotas/Library/TinyTeX/texmf-dist/tex/generic/iftex/ifluatex.st
y
Package: ifluatex 2019/10/25 v1.5 ifluatex legacy package. Use iftex instead.
) (/Users/danielkotas/Library/TinyTeX/texmf-dist/tex/latex/base/fontenc.sty
Package: fontenc 2021/04/29 v2.0v Standard LaTeX package
LaTeX Font Info:    Trying to load font information for T1+lmr on input line 11
2.
(/Users/danielkotas/Library/TinyTeX/texmf-dist/tex/latex/lm/t1lmr.fd
File: t1lmr.fd 2015/05/01 v1.6.1 Font defs for Latin Modern
)) (/Users/danielkotas/Library/TinyTeX/texmf-dist/tex/latex/base/inputenc.sty
Package: inputenc 2021/02/14 v1.3d Input encoding file
\inpenc@prehook=\toks21
\inpenc@posthook=\toks22
) (/Users/danielkotas/Library/TinyTeX/texmf-dist/tex/latex/base/textcomp.sty
Package: textcomp 2020/02/02 v2.0n Standard LaTeX package
) (/Users/danielkotas/Library/TinyTeX/texmf-dist/tex/latex/xcolor/xcolor.sty
Package: xcolor 2016/05/11 v2.12 LaTeX color extensions (UK)

(/Users/danielkotas/Library/TinyTeX/texmf-dist/tex/latex/graphics-cfg/color.cfg
File: color.cfg 2016/01/02 v1.6 sample color configuration
)
Package xcolor Info: Driver file: pdftex.def on input line 225.

(/Users/danielkotas/Library/TinyTeX/texmf-dist/tex/latex/graphics-def/pdftex.de
f
File: pdftex.def 2020/10/05 v1.2a Graphics/color driver for pdftex
)
Package xcolor Info: Model `cmy' substituted by `cmy0' on input line 1348.
Package xcolor Info: Model `hsb' substituted by `rgb' on input line 1352.
Package xcolor Info: Model `RGB' extended on input line 1364.
Package xcolor Info: Model `HTML' substituted by `rgb' on input line 1366.
Package xcolor Info: Model `Hsb' substituted by `hsb' on input line 1367.
Package xcolor Info: Model `tHsb' substituted by `hsb' on input line 1368.
Package xcolor Info: Model `HSB' substituted by `hsb' on input line 1369.
Package xcolor Info: Model `Gray' substituted by `gray' on input line 1370.
Package xcolor Info: Model `wave' substituted by `hsb' on input line 1371.
) (/Users/danielkotas/Library/TinyTeX/texmf-dist/tex/latex/hyperref/hyperref.st
y
Package: hyperref 2021-06-07 v7.00m Hypertext links for LaTeX
(/Users/danielkotas/Library/TinyTeX/texmf-dist/tex/generic/ltxcmds/ltxcmds.sty
Package: ltxcmds 2020-05-10 v1.25 LaTeX kernel commands for general use (HO)
)
(/Users/danielkotas/Library/TinyTeX/texmf-dist/tex/generic/pdftexcmds/pdftexcmd
s.sty
Package: pdftexcmds 2020-06-27 v0.33 Utility functions of pdfTeX for LuaTeX (HO
)

(/Users/danielkotas/Library/TinyTeX/texmf-dist/tex/generic/infwarerr/infwarerr.
sty
Package: infwarerr 2019/12/03 v1.5 Providing info/warning/error messages (HO)
)
Package pdftexcmds Info: \pdf@primitive is available.
Package pdftexcmds Info: \pdf@ifprimitive is available.
Package pdftexcmds Info: \pdfdraftmode found.
) (/Users/danielkotas/Library/TinyTeX/texmf-dist/tex/latex/graphics/keyval.sty
Package: keyval 2014/10/28 v1.15 key=value parser (DPC)
\KV@toks@=\toks23
)
(/Users/danielkotas/Library/TinyTeX/texmf-dist/tex/generic/kvsetkeys/kvsetkeys.
sty
Package: kvsetkeys 2019/12/15 v1.18 Key value parser (HO)
)
(/Users/danielkotas/Library/TinyTeX/texmf-dist/tex/generic/kvdefinekeys/kvdefin
ekeys.sty
Package: kvdefinekeys 2019-12-19 v1.6 Define keys (HO)
)
(/Users/danielkotas/Library/TinyTeX/texmf-dist/tex/generic/pdfescape/pdfescape.
sty
Package: pdfescape 2019/12/09 v1.15 Implements pdfTeX's escape features (HO)
) (/Users/danielkotas/Library/TinyTeX/texmf-dist/tex/latex/hycolor/hycolor.sty
Package: hycolor 2020-01-27 v1.10 Color options for hyperref/bookmark (HO)
)
(/Users/danielkotas/Library/TinyTeX/texmf-dist/tex/latex/letltxmacro/letltxmacr
o.sty
Package: letltxmacro 2019/12/03 v1.6 Let assignment for LaTeX macros (HO)
) (/Users/danielkotas/Library/TinyTeX/texmf-dist/tex/latex/auxhook/auxhook.sty
Package: auxhook 2019-12-17 v1.6 Hooks for auxiliary files (HO)
)
(/Users/danielkotas/Library/TinyTeX/texmf-dist/tex/latex/kvoptions/kvoptions.st
y
Package: kvoptions 2020-10-07 v3.14 Key value format for package options (HO)
)
\@linkdim=\dimen148
\Hy@linkcounter=\count268
\Hy@pagecounter=\count269
(/Users/danielkotas/Library/TinyTeX/texmf-dist/tex/latex/hyperref/pd1enc.def
File: pd1enc.def 2021-06-07 v7.00m Hyperref: PDFDocEncoding definition (HO)
Now handling font encoding PD1 ...
... no UTF-8 mapping file for font encoding PD1
)
(/Users/danielkotas/Library/TinyTeX/texmf-dist/tex/latex/hyperref/hyperref-lang
patches.def
File: hyperref-langpatches.def 2021-06-07 v7.00m Hyperref: patches for babel la
nguages
) (/Users/danielkotas/Library/TinyTeX/texmf-dist/tex/generic/intcalc/intcalc.st
y
Package: intcalc 2019/12/15 v1.3 Expandable calculations with integers (HO)
)
(/Users/danielkotas/Library/TinyTeX/texmf-dist/tex/generic/etexcmds/etexcmds.st
y
Package: etexcmds 2019/12/15 v1.7 Avoid name clashes with e-TeX commands (HO)
)
\Hy@SavedSpaceFactor=\count270
(/Users/danielkotas/Library/TinyTeX/texmf-dist/tex/latex/hyperref/puenc.def
File: puenc.def 2021-06-07 v7.00m Hyperref: PDF Unicode definition (HO)
Now handling font encoding PU ...
... no UTF-8 mapping file for font encoding PU
)
Package hyperref Info: Option `unicode' set `true' on input line 4073.
Package hyperref Info: Hyper figures OFF on input line 4192.
Package hyperref Info: Link nesting OFF on input line 4197.
Package hyperref Info: Hyper index ON on input line 4200.
Package hyperref Info: Plain pages OFF on input line 4207.
Package hyperref Info: Backreferencing OFF on input line 4212.
Package hyperref Info: Implicit mode ON; LaTeX internals redefined.
Package hyperref Info: Bookmarks ON on input line 4445.
\c@Hy@tempcnt=\count271
(/Users/danielkotas/Library/TinyTeX/texmf-dist/tex/latex/url/url.sty
\Urlmuskip=\muskip17
Package: url 2013/09/16  ver 3.4  Verb mode for urls, etc.
)
LaTeX Info: Redefining \url on input line 4804.
\XeTeXLinkMargin=\dimen149
(/Users/danielkotas/Library/TinyTeX/texmf-dist/tex/generic/bitset/bitset.sty
Package: bitset 2019/12/09 v1.3 Handle bit-vector datatype (HO)

(/Users/danielkotas/Library/TinyTeX/texmf-dist/tex/generic/bigintcalc/bigintcal
c.sty
Package: bigintcalc 2019/12/15 v1.5 Expandable calculations on big integers (HO
)
))
\Fld@menulength=\count272
\Field@Width=\dimen150
\Fld@charsize=\dimen151
Package hyperref Info: Hyper figures OFF on input line 6076.
Package hyperref Info: Link nesting OFF on input line 6081.
Package hyperref Info: Hyper index ON on input line 6084.
Package hyperref Info: backreferencing OFF on input line 6091.
Package hyperref Info: Link coloring OFF on input line 6096.
Package hyperref Info: Link coloring with OCG OFF on input line 6101.
Package hyperref Info: PDF/A mode OFF on input line 6106.
LaTeX Info: Redefining \ref on input line 6146.
LaTeX Info: Redefining \pageref on input line 6150.
(/Users/danielkotas/Library/TinyTeX/texmf-dist/tex/latex/base/atbegshi-ltx.sty
Package: atbegshi-ltx 2021/01/10 v1.0c Emulation of the original atbegshi
package with kernel methods
)
\Hy@abspage=\count273
\c@Item=\count274
\c@Hfootnote=\count275
)
Package hyperref Info: Driver (autodetected): hpdftex.
(/Users/danielkotas/Library/TinyTeX/texmf-dist/tex/latex/hyperref/hpdftex.def
File: hpdftex.def 2021-06-07 v7.00m Hyperref driver for pdfTeX

(/Users/danielkotas/Library/TinyTeX/texmf-dist/tex/latex/base/atveryend-ltx.sty
Package: atveryend-ltx 2020/08/19 v1.0a Emulation of the original atvery packag
e
with kernel methods
)
\Fld@listcount=\count276
\c@bookmark@seq@number=\count277

(/Users/danielkotas/Library/TinyTeX/texmf-dist/tex/latex/rerunfilecheck/rerunfi
lecheck.sty
Package: rerunfilecheck 2019/12/05 v1.9 Rerun checks for auxiliary files (HO)

(/Users/danielkotas/Library/TinyTeX/texmf-dist/tex/generic/uniquecounter/unique
counter.sty
Package: uniquecounter 2019/12/15 v1.4 Provide unlimited unique counter (HO)
)
Package uniquecounter Info: New unique counter `rerunfilecheck' on input line 2
86.
)
\Hy@SectionHShift=\skip52
) (/Users/danielkotas/Library/TinyTeX/texmf-dist/tex/latex/geometry/geometry.st
y
Package: geometry 2020/01/02 v5.9 Page Geometry
(/Users/danielkotas/Library/TinyTeX/texmf-dist/tex/generic/iftex/ifvtex.sty
Package: ifvtex 2019/10/25 v1.7 ifvtex legacy package. Use iftex instead.
)
\Gm@cnth=\count278
\Gm@cntv=\count279
\c@Gm@tempcnt=\count280
\Gm@bindingoffset=\dimen152
\Gm@wd@mp=\dimen153
\Gm@odd@mp=\dimen154
\Gm@even@mp=\dimen155
\Gm@layoutwidth=\dimen156
\Gm@layoutheight=\dimen157
\Gm@layouthoffset=\dimen158
\Gm@layoutvoffset=\dimen159
\Gm@dimlist=\toks24
) (/Users/danielkotas/Library/TinyTeX/texmf-dist/tex/latex/graphics/graphicx.st
y
Package: graphicx 2020/12/05 v1.2c Enhanced LaTeX Graphics (DPC,SPQR)
(/Users/danielkotas/Library/TinyTeX/texmf-dist/tex/latex/graphics/graphics.sty
Package: graphics 2021/03/04 v1.4d Standard LaTeX Graphics (DPC,SPQR)
(/Users/danielkotas/Library/TinyTeX/texmf-dist/tex/latex/graphics/trig.sty
Package: trig 2016/01/03 v1.10 sin cos tan (DPC)
)
(/Users/danielkotas/Library/TinyTeX/texmf-dist/tex/latex/graphics-cfg/graphics.
cfg
File: graphics.cfg 2016/06/04 v1.11 sample graphics configuration
)
Package graphics Info: Driver file: pdftex.def on input line 107.
)
\Gin@req@height=\dimen160
\Gin@req@width=\dimen161
)
(/Users/danielkotas/Library/TinyTeX/texmf-dist/tex/latex/l3backend/l3backend-pd
ftex.def
File: l3backend-pdftex.def 2021-05-07 L3 backend support: PDF output (pdfTeX)
\l__color_backend_stack_int=\count281
\l__pdf_internal_box=\box52
) (./Sheet.aux)
\openout1 = `Sheet.aux'.

LaTeX Font Info:    Checking defaults for OML/cmm/m/it on input line 69.
LaTeX Font Info:    ... okay on input line 69.
LaTeX Font Info:    Checking defaults for OMS/cmsy/m/n on input line 69.
LaTeX Font Info:    ... okay on input line 69.
LaTeX Font Info:    Checking defaults for OT1/cmr/m/n on input line 69.
LaTeX Font Info:    ... okay on input line 69.
LaTeX Font Info:    Checking defaults for T1/cmr/m/n on input line 69.
LaTeX Font Info:    ... okay on input line 69.
LaTeX Font Info:    Checking defaults for TS1/cmr/m/n on input line 69.
LaTeX Font Info:    ... okay on input line 69.
LaTeX Font Info:    Checking defaults for OMX/cmex/m/n on input line 69.
LaTeX Font Info:    ... okay on input line 69.
LaTeX Font Info:    Checking defaults for U/cmr/m/n on input line 69.
LaTeX Font Info:    ... okay on input line 69.
LaTeX Font Info:    Checking defaults for PD1/pdf/m/n on input line 69.
LaTeX Font Info:    ... okay on input line 69.
LaTeX Font Info:    Checking defaults for PU/pdf/m/n on input line 69.
LaTeX Font Info:    ... okay on input line 69.

(/Users/danielkotas/Library/TinyTeX/texmf-dist/tex/latex/epstopdf-pkg/epstopdf-
base.sty
Package: epstopdf-base 2020-01-24 v2.11 Base part for package epstopdf
Package epstopdf-base Info: Redefining graphics rule for `.eps' on input line 4
85.

(/Users/danielkotas/Library/TinyTeX/texmf-dist/tex/latex/latexconfig/epstopdf-s
ys.cfg
File: epstopdf-sys.cfg 2010/07/13 v1.3 Configuration of (r)epstopdf for TeX Liv
e
))
Package hyperref Info: Link coloring OFF on input line 69.
(/Users/danielkotas/Library/TinyTeX/texmf-dist/tex/latex/hyperref/nameref.sty
Package: nameref 2021-04-02 v2.47 Cross-referencing by name of section
(/Users/danielkotas/Library/TinyTeX/texmf-dist/tex/latex/refcount/refcount.sty
Package: refcount 2019/12/15 v3.6 Data extraction from label references (HO)
)
(/Users/danielkotas/Library/TinyTeX/texmf-dist/tex/generic/gettitlestring/getti
tlestring.sty
Package: gettitlestring 2019/12/15 v1.6 Cleanup title references (HO)
)
\c@section@level=\count282
)
LaTeX Info: Redefining \ref on input line 69.
LaTeX Info: Redefining \pageref on input line 69.
LaTeX Info: Redefining \nameref on input line 69.
(./Sheet.out) (./Sheet.out)
\@outlinefile=\write3
\openout3 = `Sheet.out'.

*geometry* driver: auto-detecting
*geometry* detected driver: pdftex
*geometry* verbose mode - [ preamble ] result:
* driver: pdftex
* paper: <default>
* layout: <same size as paper>
* layoutoffset:(h,v)=(0.0pt,0.0pt)
* modes: 
* h-part:(L,W,R)=(72.26999pt, 469.75502pt, 72.26999pt)
* v-part:(T,H,B)=(72.26999pt, 650.43001pt, 72.26999pt)
* \paperwidth=614.295pt
* \paperheight=794.96999pt
* \textwidth=469.75502pt
* \textheight=650.43001pt
* \oddsidemargin=0.0pt
* \evensidemargin=0.0pt
* \topmargin=-37.0pt
* \headheight=12.0pt
* \headsep=25.0pt
* \topskip=10.0pt
* \footskip=30.0pt
* \marginparwidth=65.0pt
* \marginparsep=11.0pt
* \columnsep=10.0pt
* \skip\footins=9.0pt plus 4.0pt minus 2.0pt
* \hoffset=0.0pt
* \voffset=0.0pt
* \mag=1000
* \@twocolumnfalse
* \@twosidefalse
* \@mparswitchfalse
* \@reversemarginfalse
* (1in=72.27pt=25.4mm, 1cm=28.453pt)

LaTeX Font Info:    Trying to load font information for OT1+lmr on input line 7
1.
(/Users/danielkotas/Library/TinyTeX/texmf-dist/tex/latex/lm/ot1lmr.fd
File: ot1lmr.fd 2015/05/01 v1.6.1 Font defs for Latin Modern
)
LaTeX Font Info:    Trying to load font information for OML+lmm on input line 7
1.
(/Users/danielkotas/Library/TinyTeX/texmf-dist/tex/latex/lm/omllmm.fd
File: omllmm.fd 2015/05/01 v1.6.1 Font defs for Latin Modern
)
LaTeX Font Info:    Trying to load font information for OMS+lmsy on input line 
71.
(/Users/danielkotas/Library/TinyTeX/texmf-dist/tex/latex/lm/omslmsy.fd
File: omslmsy.fd 2015/05/01 v1.6.1 Font defs for Latin Modern
)
LaTeX Font Info:    Trying to load font information for OMX+lmex on input line 
71.
(/Users/danielkotas/Library/TinyTeX/texmf-dist/tex/latex/lm/omxlmex.fd
File: omxlmex.fd 2015/05/01 v1.6.1 Font defs for Latin Modern
)
LaTeX Font Info:    External font `lmex10' loaded for size
(Font)              <12> on input line 71.
LaTeX Font Info:    External font `lmex10' loaded for size
(Font)              <8> on input line 71.
LaTeX Font Info:    External font `lmex10' loaded for size
(Font)              <6> on input line 71.
LaTeX Font Info:    Trying to load font information for U+msa on input line 71.

(/Users/danielkotas/Library/TinyTeX/texmf-dist/tex/latex/amsfonts/umsa.fd
File: umsa.fd 2013/01/14 v3.01 AMS symbols A
)
LaTeX Font Info:    Trying to load font information for U+msb on input line 71.

(/Users/danielkotas/Library/TinyTeX/texmf-dist/tex/latex/amsfonts/umsb.fd
File: umsb.fd 2013/01/14 v3.01 AMS symbols B
) (./Sheet.toc
LaTeX Font Info:    External font `lmex10' loaded for size
(Font)              <10> on input line 2.
LaTeX Font Info:    External font `lmex10' loaded for size
(Font)              <7> on input line 2.
LaTeX Font Info:    External font `lmex10' loaded for size
(Font)              <5> on input line 2.
[1

{/Users/danielkotas/Library/TinyTeX/texmf-var/fonts/map/pdftex/updmap/pdftex.ma
p}] [2])
\tf@toc=\write4
\openout4 = `Sheet.toc'.

[3]
<mean_variance.png, id=496, 402.5439pt x 191.15414pt>
File: mean_variance.png Graphic file (type png)
<use mean_variance.png>
Package pdftex.def Info: mean_variance.png  used on input line 137.
(pdftex.def)             Requested size: 402.54904pt x 191.15659pt.
[4]
<quantiles.png, id=514, 552.26324pt x 194.52675pt>
File: quantiles.png Graphic file (type png)
<use quantiles.png>
Package pdftex.def Info: quantiles.png  used on input line 170.
(pdftex.def)             Requested size: 469.76305pt x 165.46722pt.
[5 <./mean_variance.png>]
Underfull \hbox (badness 10000) in paragraph at lines 193--194

 []

LaTeX Font Info:    Trying to load font information for TS1+lmr on input line 2
02.
(/Users/danielkotas/Library/TinyTeX/texmf-dist/tex/latex/lm/ts1lmr.fd
File: ts1lmr.fd 2015/05/01 v1.6.1 Font defs for Latin Modern
)
<A-based risk measure.png, id=525, 335.45325pt x 55.407pt>
File: A-based risk measure.png Graphic file (type png)
<use A-based risk measure.png>
Package pdftex.def Info: A-based risk measure.png  used on input line 212.
(pdftex.def)             Requested size: 335.45241pt x 55.40685pt.
[6 <./quantiles.png>]
<Sheet_insertimage_16.png, id=538, 550.055pt x 271.0125pt>
File: Sheet_insertimage_16.png Graphic file (type png)
<use Sheet_insertimage_16.png>
Package pdftex.def Info: Sheet_insertimage_16.png  used on input line 248.
(pdftex.def)             Requested size: 469.77313pt x 231.45755pt.
[7 <./A-based risk measure.png> <./Sheet_insertimage_16.png>] [8]
<RVaR.png, id=564, 316.18124pt x 187.29974pt>
File: RVaR.png Graphic file (type png)
<use RVaR.png>
Package pdftex.def Info: RVaR.png  used on input line 379.
(pdftex.def)             Requested size: 316.18047pt x 187.29927pt.

Underfull \hbox (badness 5077) in paragraph at lines 379--381
[][] \T1/lmr/bx/n/10 We take the cut range,
 []

[9 <./RVaR.png>] [10] [11] [12]
<Sheet_insertimage_35.png, id=602, 760.8425pt x 347.2975pt>
File: Sheet_insertimage_35.png Graphic file (type png)
<use Sheet_insertimage_35.png>
Package pdftex.def Info: Sheet_insertimage_35.png  used on input line 697.
(pdftex.def)             Requested size: 469.76707pt x 214.43193pt.
[13]
<Sheet_insertimage_36.png, id=614, 923.45pt x 516.93124pt>
File: Sheet_insertimage_36.png Graphic file (type png)
<use Sheet_insertimage_36.png>
Package pdftex.def Info: Sheet_insertimage_36.png  used on input line 743.
(pdftex.def)             Requested size: 469.75555pt x 262.96098pt.
<summary.png, id=615, 314.3745pt x 184.89075pt>
File: summary.png Graphic file (type png)
<use summary.png>
Package pdftex.def Info: summary.png  used on input line 750.
(pdftex.def)             Requested size: 314.39769pt x 184.90437pt.
[14 <./Sheet_insertimage_35.png>] [15 <./Sheet_insertimage_36.png> <./summary.p
ng>]
<Sheet_insertimage_5.png, id=634, 1355.0625pt x 692.5875pt>
File: Sheet_insertimage_5.png Graphic file (type png)
<use Sheet_insertimage_5.png>
Package pdftex.def Info: Sheet_insertimage_5.png  used on input line 807.
(pdftex.def)             Requested size: 469.75082pt x 240.09485pt.
[16]
LaTeX Font Info:    Trying to load font information for T1+lmtt on input line 8
75.
(/Users/danielkotas/Library/TinyTeX/texmf-dist/tex/latex/lm/t1lmtt.fd
File: t1lmtt.fd 2015/05/01 v1.6.1 Font defs for Latin Modern
)
<Sheet_files/figure-latex/unnamed-chunk-1-1.pdf, id=647, 407.5225pt x 286.06876
pt>
File: Sheet_files/figure-latex/unnamed-chunk-1-1.pdf Graphic file (type pdf)
<use Sheet_files/figure-latex/unnamed-chunk-1-1.pdf>
Package pdftex.def Info: Sheet_files/figure-latex/unnamed-chunk-1-1.pdf  used o
n input line 886.
(pdftex.def)             Requested size: 407.52771pt x 286.07242pt.
[17 <./Sheet_insertimage_5.png>]
<Sheet_files/figure-latex/unnamed-chunk-3-1.pdf, id=657, 461.725pt x 313.17pt>
File: Sheet_files/figure-latex/unnamed-chunk-3-1.pdf Graphic file (type pdf)
<use Sheet_files/figure-latex/unnamed-chunk-3-1.pdf>
Package pdftex.def Info: Sheet_files/figure-latex/unnamed-chunk-3-1.pdf  used o
n input line 888.
(pdftex.def)             Requested size: 461.72388pt x 313.16922pt.
[18 <./Sheet_files/figure-latex/unnamed-chunk-1-1.pdf> <./Sheet_files/figure-la
tex/unnamed-chunk-3-1.pdf>]
Overfull \hbox (14.7503pt too wide) in paragraph at lines 923--925
\T1/lmr/m/n/10 The weighted his-tor-i-cal ES is given by $[][] [] \OT1/lmr/m/n/
10 = \OMS/lmsy/m/n/10 ^^@[] [][] \OML/lmm/m/it/10 ^^Y [] x[] \OMS/lmsy/m/n/10 ^
^@ []\OML/lmm/m/it/10 x[]$ 
 []

<Sheet_insertimage_7.png, id=678, 746.79pt x 609.27625pt>
File: Sheet_insertimage_7.png Graphic file (type png)
<use Sheet_insertimage_7.png>
Package pdftex.def Info: Sheet_insertimage_7.png  used on input line 956.
(pdftex.def)             Requested size: 469.7509pt x 383.25107pt.
<Sheet_insertimage_8.png, id=679, 598.235pt x 505.89pt>
File: Sheet_insertimage_8.png Graphic file (type png)
<use Sheet_insertimage_8.png>
Package pdftex.def Info: Sheet_insertimage_8.png  used on input line 962.
(pdftex.def)             Requested size: 469.76157pt x 397.24802pt.
[19] [20 <./Sheet_insertimage_7.png>] [21 <./Sheet_insertimage_8.png>] [22]
<Sheet_insertimage_9.png, id=714, 428.60126pt x 353.32pt>
File: Sheet_insertimage_9.png Graphic file (type png)
<use Sheet_insertimage_9.png>
Package pdftex.def Info: Sheet_insertimage_9.png  used on input line 1047.
(pdftex.def)             Requested size: 428.6002pt x 353.31914pt.
<Sheet_insertimage_10.png, id=715, 422.57875pt x 355.3275pt>
File: Sheet_insertimage_10.png Graphic file (type png)
<use Sheet_insertimage_10.png>
Package pdftex.def Info: Sheet_insertimage_10.png  used on input line 1053.
(pdftex.def)             Requested size: 422.5906pt x 355.33745pt.
<Sheet_insertimage_11.png, id=716, 547.04375pt x 135.50626pt>
File: Sheet_insertimage_11.png Graphic file (type png)
<use Sheet_insertimage_11.png>
Package pdftex.def Info: Sheet_insertimage_11.png  used on input line 1059.
(pdftex.def)             Requested size: 469.76398pt x 116.36354pt.
[23 <./Sheet_insertimage_9.png>] [24 <./Sheet_insertimage_10.png> <./Sheet_inse
rtimage_11.png>]

Package hyperref Warning: Difference (2) between bookmark levels is greater 
(hyperref)                than one, level fixed on input line 1097.


Underfull \hbox (badness 5519) in paragraph at lines 1108--1110
\T1/lmr/m/n/10 Remark. Note that we have to en-sure in-de-pen-dence also across
 the dif-fer-ent it-er-a-tions.
 []


Underfull \hbox (badness 10000) in paragraph at lines 1108--1110

 []


Underfull \hbox (badness 10000) in paragraph at lines 1111--1113
[]\T1/lmr/m/n/10 Then we per-form VaR and ES for each it-er-a-tion \T1/lmr/m/it
/10 h \T1/lmr/m/n/10 and av-er-age across all it-er-a-tions.
 []


Underfull \hbox (badness 10000) in paragraph at lines 1111--1113

 []


Underfull \hbox (badness 10000) in paragraph at lines 1114--1115
[]\T1/lmr/m/n/10 Simulation-based es-ti-ma-tors. A simulation-based VaR es-ti-m
a-tor has the form
 []


Underfull \hbox (badness 10000) in paragraph at lines 1114--1115

 []

<Sheet_insertimage_12.png, id=733, 1358.07375pt x 314.17375pt>
File: Sheet_insertimage_12.png Graphic file (type png)
<use Sheet_insertimage_12.png>
Package pdftex.def Info: Sheet_insertimage_12.png  used on input line 1131.
(pdftex.def)             Requested size: 469.73785pt x 108.66809pt.
[25]
<Sheet_insertimage_13.png, id=743, 446.66875pt x 366.36874pt>
File: Sheet_insertimage_13.png Graphic file (type png)
<use Sheet_insertimage_13.png>
Package pdftex.def Info: Sheet_insertimage_13.png  used on input line 1148.
(pdftex.def)             Requested size: 446.67445pt x 366.37343pt.
<Sheet_insertimage_14.png, id=744, 468.75125pt x 356.33125pt>
File: Sheet_insertimage_14.png Graphic file (type png)
<use Sheet_insertimage_14.png>
Package pdftex.def Info: Sheet_insertimage_14.png  used on input line 1154.
(pdftex.def)             Requested size: 468.75009pt x 356.33037pt.
<Sheet_insertimage_15.png, id=745, 531.9875pt x 134.5025pt>
File: Sheet_insertimage_15.png Graphic file (type png)
<use Sheet_insertimage_15.png>
Package pdftex.def Info: Sheet_insertimage_15.png  used on input line 1160.
(pdftex.def)             Requested size: 469.76582pt x 118.77097pt.
<Sheet_insertimage_17.png, id=746, 1275.76625pt x 626.34pt>
File: Sheet_insertimage_17.png Graphic file (type png)
<use Sheet_insertimage_17.png>
Package pdftex.def Info: Sheet_insertimage_17.png  used on input line 1213.
(pdftex.def)             Requested size: 469.74854pt x 230.62398pt.
[26 <./Sheet_insertimage_12.png>] [27 <./Sheet_insertimage_13.png>] [28 <./Shee
t_insertimage_14.png> <./Sheet_insertimage_15.png>]
<Sheet_insertimage_18.png, id=773, 874.26625pt x 569.12625pt>
File: Sheet_insertimage_18.png Graphic file (type png)
<use Sheet_insertimage_18.png>
Package pdftex.def Info: Sheet_insertimage_18.png  used on input line 1240.
(pdftex.def)             Requested size: 469.7622pt x 305.80386pt.
<Sheet_insertimage_19.png, id=774, 1022.82124pt x 579.16376pt>
File: Sheet_insertimage_19.png Graphic file (type png)
<use Sheet_insertimage_19.png>
Package pdftex.def Info: Sheet_insertimage_19.png  used on input line 1250.
(pdftex.def)             Requested size: 469.75435pt x 265.99437pt.
<Sheet_insertimage_20.png, id=775, 1190.4475pt x 618.31pt>
File: Sheet_insertimage_20.png Graphic file (type png)
<use Sheet_insertimage_20.png>
Package pdftex.def Info: Sheet_insertimage_20.png  used on input line 1259.
(pdftex.def)             Requested size: 469.74025pt x 243.97975pt.
<Sheet_insertimage_21.png, id=776, 892.33376pt x 556.0775pt>
File: Sheet_insertimage_21.png Graphic file (type png)
<use Sheet_insertimage_21.png>
Package pdftex.def Info: Sheet_insertimage_21.png  used on input line 1288.
(pdftex.def)             Requested size: 469.76215pt x 292.74265pt.
[29 <./Sheet_insertimage_17.png>] [30 <./Sheet_insertimage_18.png> <./Sheet_ins
ertimage_19.png>] [31 <./Sheet_insertimage_20.png>]
Overfull \hbox (35.43721pt too wide) detected at line 1349
[][] \OT1/lmr/m/n/10 := \OMS/lmsy/m/n/10 ^^@[] [] ^^@ [][]
 []


Overfull \hbox (48.86469pt too wide) detected at line 1355
[][] \OT1/lmr/m/n/10 := \OMS/lmsy/m/n/10 ^^@[] [] \OT1/lmr/m/n/10 + [][][]
 []

[32 <./Sheet_insertimage_21.png>] [33]
<Sheet_insertimage_22.png, id=820, 820.06375pt x 533.995pt>
File: Sheet_insertimage_22.png Graphic file (type png)
<use Sheet_insertimage_22.png>
Package pdftex.def Info: Sheet_insertimage_22.png  used on input line 1413.
(pdftex.def)             Requested size: 469.76865pt x 305.89586pt.
<Sheet_insertimage_23.png, id=821, 820.06375pt x 494.84875pt>
File: Sheet_insertimage_23.png Graphic file (type png)
<use Sheet_insertimage_23.png>
Package pdftex.def Info: Sheet_insertimage_23.png  used on input line 1419.
(pdftex.def)             Requested size: 469.76865pt x 283.47116pt.
<Sheet_insertimage_24.png, id=822, 863.225pt x 496.85625pt>
File: Sheet_insertimage_24.png Graphic file (type png)
<use Sheet_insertimage_24.png>
Package pdftex.def Info: Sheet_insertimage_24.png  used on input line 1425.
(pdftex.def)             Requested size: 469.75679pt x 270.38326pt.
<Sheet_insertimage_25.png, id=823, 856.19875pt x 380.42125pt>
File: Sheet_insertimage_25.png Graphic file (type png)
<use Sheet_insertimage_25.png>
Package pdftex.def Info: Sheet_insertimage_25.png  used on input line 1431.
(pdftex.def)             Requested size: 469.74802pt x 208.7157pt.
<Sheet_insertimage_26.png, id=824, 826.08624pt x 468.75125pt>
File: Sheet_insertimage_26.png Graphic file (type png)
<use Sheet_insertimage_26.png>
Package pdftex.def Info: Sheet_insertimage_26.png  used on input line 1437.
(pdftex.def)             Requested size: 469.7648pt x 266.56155pt.
[34 <./Sheet_insertimage_22.png>] [35 <./Sheet_insertimage_23.png> <./Sheet_ins
ertimage_24.png>] [36 <./Sheet_insertimage_25.png> <./Sheet_insertimage_26.png>
]
<Sheet_insertimage_27.png, id=849, 654.445pt x 377.41pt>
File: Sheet_insertimage_27.png Graphic file (type png)
<use Sheet_insertimage_27.png>
Package pdftex.def Info: Sheet_insertimage_27.png  used on input line 1496.
(pdftex.def)             Requested size: 469.75208pt x 270.89996pt.
<Sheet_insertimage_28.png, id=850, 663.47874pt x 373.395pt>
File: Sheet_insertimage_28.png Graphic file (type png)
<use Sheet_insertimage_28.png>
Package pdftex.def Info: Sheet_insertimage_28.png  used on input line 1502.
(pdftex.def)             Requested size: 469.7571pt x 264.37163pt.
[37] [38 <./Sheet_insertimage_27.png> <./Sheet_insertimage_28.png>]
<Sheet_insertimage_29.png, id=871, 630.355pt x 316.18124pt>
File: Sheet_insertimage_29.png Graphic file (type png)
<use Sheet_insertimage_29.png>
Package pdftex.def Info: Sheet_insertimage_29.png  used on input line 1579.
(pdftex.def)             Requested size: 469.75452pt x 235.62526pt.
<Sheet_insertimage_30.png, id=872, 636.3775pt x 377.41pt>
File: Sheet_insertimage_30.png Graphic file (type png)
<use Sheet_insertimage_30.png>
Package pdftex.def Info: Sheet_insertimage_30.png  used on input line 1585.
(pdftex.def)             Requested size: 469.74673pt x 278.58797pt.
<Sheet_insertimage_31.png, id=873, 617.30624pt x 212.795pt>
File: Sheet_insertimage_31.png Graphic file (type png)
<use Sheet_insertimage_31.png>
Package pdftex.def Info: Sheet_insertimage_31.png  used on input line 1614.
(pdftex.def)             Requested size: 469.76987pt x 161.93692pt.
[39] [40 <./Sheet_insertimage_29.png> <./Sheet_insertimage_30.png>]
<Sheet_insertimage_32.png, id=889, 817.0525pt x 1137.24875pt>
File: Sheet_insertimage_32.png Graphic file (type png)
<use Sheet_insertimage_32.png>
Package pdftex.def Info: Sheet_insertimage_32.png  used on input line 1633.
(pdftex.def)             Requested size: 467.32057pt x 650.45972pt.

LaTeX Warning: Float too large for page by 23.97414pt on input line 1635.

<Sheet_insertimage_33.png, id=890, 658.46pt x 111.41624pt>
File: Sheet_insertimage_33.png Graphic file (type png)
<use Sheet_insertimage_33.png>
Package pdftex.def Info: Sheet_insertimage_33.png  used on input line 1639.
(pdftex.def)             Requested size: 469.76047pt x 79.4869pt.
[41 <./Sheet_insertimage_31.png>] [42 <./Sheet_insertimage_32.png>] [43 <./Shee
t_insertimage_33.png>] (./Sheet.aux)
Package rerunfilecheck Info: File `Sheet.out' has not changed.
(rerunfilecheck)             Checksum: 138E0D42356E8D60CC2CAA8916DC548F;17259.
 ) 
Here is how much of TeX's memory you used:
 10819 strings out of 480496
 163271 string characters out of 5898249
 466576 words of memory out of 5000000
 28006 multiletter control sequences out of 15000+600000
 470424 words of font info for 79 fonts, out of 8000000 for 9000
 14 hyphenation exceptions out of 8191
 60i,13n,66p,418b,392s stack positions out of 5000i,500n,10000p,200000b,80000s
{/Users/danielkotas/Library/TinyTeX/texmf-dist/fonts/enc/dvips/lm/lm-mathit.e
nc}{/Users/danielkotas/Library/TinyTeX/texmf-dist/fonts/enc/dvips/lm/lm-ec.enc}
{/Users/danielkotas/Library/TinyTeX/texmf-dist/fonts/enc/dvips/lm/lm-ts1.enc}{/
Users/danielkotas/Library/TinyTeX/texmf-dist/fonts/enc/dvips/lm/lm-mathsy.enc}{
/Users/danielkotas/Library/TinyTeX/texmf-dist/fonts/enc/dvips/lm/lm-rm.enc}{/Us
ers/danielkotas/Library/TinyTeX/texmf-dist/fonts/enc/dvips/lm/lm-mathex.enc}</U
sers/danielkotas/Library/TinyTeX/texmf-dist/fonts/type1/public/lm/lmbx10.pfb></
Users/danielkotas/Library/TinyTeX/texmf-dist/fonts/type1/public/lm/lmbx12.pfb><
/Users/danielkotas/Library/TinyTeX/texmf-dist/fonts/type1/public/lm/lmex10.pfb>
</Users/danielkotas/Library/TinyTeX/texmf-dist/fonts/type1/public/lm/lmmi10.pfb
></Users/danielkotas/Library/TinyTeX/texmf-dist/fonts/type1/public/lm/lmmi5.pfb
></Users/danielkotas/Library/TinyTeX/texmf-dist/fonts/type1/public/lm/lmmi7.pfb
></Users/danielkotas/Library/TinyTeX/texmf-dist/fonts/type1/public/lm/lmmib10.p
fb></Users/danielkotas/Library/TinyTeX/texmf-dist/fonts/type1/public/lm/lmr10.p
fb></Users/danielkotas/Library/TinyTeX/texmf-dist/fonts/type1/public/lm/lmr17.p
fb></Users/danielkotas/Library/TinyTeX/texmf-dist/fonts/type1/public/lm/lmr5.pf
b></Users/danielkotas/Library/TinyTeX/texmf-dist/fonts/type1/public/lm/lmr7.pfb
></Users/danielkotas/Library/TinyTeX/texmf-dist/fonts/type1/public/lm/lmri10.pf
b></Users/danielkotas/Library/TinyTeX/texmf-dist/fonts/type1/public/lm/lmsy10.p
fb></Users/danielkotas/Library/TinyTeX/texmf-dist/fonts/type1/public/lm/lmsy5.p
fb></Users/danielkotas/Library/TinyTeX/texmf-dist/fonts/type1/public/lm/lmsy7.p
fb></Users/danielkotas/Library/TinyTeX/texmf-dist/fonts/type1/public/lm/lmtt10.
pfb></Users/danielkotas/Library/TinyTeX/texmf-dist/fonts/type1/public/amsfonts/
symbols/msbm10.pfb></Users/danielkotas/Library/TinyTeX/texmf-dist/fonts/type1/p
ublic/amsfonts/symbols/msbm7.pfb>
Output written on Sheet.pdf (43 pages, 4528004 bytes).
PDF statistics:
 1061 PDF objects out of 1200 (max. 8388607)
 892 compressed objects within 9 object streams
 279 named destinations out of 1000 (max. 500000)
 938 words of extra memory for PDF output out of 10000 (max. 10000000)

